11-Feb-2015 21:50:54.650 INFO [main] org.apache.catalina.startup.VersionLoggerListener.log Server version:        Apache Tomcat/8.0.18
11-Feb-2015 21:50:54.651 INFO [main] org.apache.catalina.startup.VersionLoggerListener.log Server built:          Jan 23 2015 11:56:07 UTC
11-Feb-2015 21:50:54.651 INFO [main] org.apache.catalina.startup.VersionLoggerListener.log Server number:         8.0.18.0
11-Feb-2015 21:50:54.651 INFO [main] org.apache.catalina.startup.VersionLoggerListener.log OS Name:               Linux
11-Feb-2015 21:50:54.651 INFO [main] org.apache.catalina.startup.VersionLoggerListener.log OS Version:            3.13.0-37-generic
11-Feb-2015 21:50:54.651 INFO [main] org.apache.catalina.startup.VersionLoggerListener.log Architecture:          amd64
11-Feb-2015 21:50:54.651 INFO [main] org.apache.catalina.startup.VersionLoggerListener.log Java Home:             /usr/lib/jvm/java-8-oracle/jre
11-Feb-2015 21:50:54.651 INFO [main] org.apache.catalina.startup.VersionLoggerListener.log JVM Version:           1.8.0_31-b13
11-Feb-2015 21:50:54.651 INFO [main] org.apache.catalina.startup.VersionLoggerListener.log JVM Vendor:            Oracle Corporation
11-Feb-2015 21:50:54.651 INFO [main] org.apache.catalina.startup.VersionLoggerListener.log CATALINA_BASE:         /home/joakim/tomcat
11-Feb-2015 21:50:54.651 INFO [main] org.apache.catalina.startup.VersionLoggerListener.log CATALINA_HOME:         /home/joakim/tomcat
11-Feb-2015 21:50:54.652 INFO [main] org.apache.catalina.startup.VersionLoggerListener.log Command line argument: -Djava.util.logging.config.file=/home/joakim/tomcat/conf/logging.properties
11-Feb-2015 21:50:54.652 INFO [main] org.apache.catalina.startup.VersionLoggerListener.log Command line argument: -Djava.util.logging.manager=org.apache.juli.ClassLoaderLogManager
11-Feb-2015 21:50:54.652 INFO [main] org.apache.catalina.startup.VersionLoggerListener.log Command line argument: -Djava.endorsed.dirs=/home/joakim/tomcat/endorsed
11-Feb-2015 21:50:54.652 INFO [main] org.apache.catalina.startup.VersionLoggerListener.log Command line argument: -Dcatalina.base=/home/joakim/tomcat
11-Feb-2015 21:50:54.652 INFO [main] org.apache.catalina.startup.VersionLoggerListener.log Command line argument: -Dcatalina.home=/home/joakim/tomcat
11-Feb-2015 21:50:54.652 INFO [main] org.apache.catalina.startup.VersionLoggerListener.log Command line argument: -Djava.io.tmpdir=/home/joakim/tomcat/temp
11-Feb-2015 21:50:54.652 INFO [main] org.apache.catalina.core.AprLifecycleListener.lifecycleEvent The APR based Apache Tomcat Native library which allows optimal performance in production environments was not found on the java.library.path: /usr/java/packages/lib/amd64:/usr/lib64:/lib64:/lib:/usr/lib
11-Feb-2015 21:50:54.756 INFO [main] org.apache.coyote.AbstractProtocol.init Initializing ProtocolHandler ["http-nio-8080"]
11-Feb-2015 21:50:54.768 INFO [main] org.apache.tomcat.util.net.NioSelectorPool.getSharedSelector Using a shared selector for servlet write/read
11-Feb-2015 21:50:54.770 INFO [main] org.apache.coyote.AbstractProtocol.init Initializing ProtocolHandler ["ajp-nio-8009"]
11-Feb-2015 21:50:54.771 INFO [main] org.apache.tomcat.util.net.NioSelectorPool.getSharedSelector Using a shared selector for servlet write/read
11-Feb-2015 21:50:54.771 INFO [main] org.apache.catalina.startup.Catalina.load Initialization processed in 402 ms
11-Feb-2015 21:50:54.787 INFO [main] org.apache.catalina.core.StandardService.startInternal Starting service Catalina
11-Feb-2015 21:50:54.787 INFO [main] org.apache.catalina.core.StandardEngine.startInternal Starting Servlet Engine: Apache Tomcat/8.0.18
11-Feb-2015 21:50:54.794 INFO [localhost-startStop-1] org.apache.catalina.startup.HostConfig.deployDirectory Deploying web application directory /home/joakim/tomcat/webapps/ROOT
11-Feb-2015 21:50:54.976 INFO [localhost-startStop-1] org.apache.catalina.startup.HostConfig.deployDirectory Deployment of web application directory /home/joakim/tomcat/webapps/ROOT has finished in 182 ms
11-Feb-2015 21:50:54.977 INFO [localhost-startStop-1] org.apache.catalina.startup.HostConfig.deployDirectory Deploying web application directory /home/joakim/tomcat/webapps/host-manager
11-Feb-2015 21:50:54.999 INFO [localhost-startStop-1] org.apache.catalina.startup.HostConfig.deployDirectory Deployment of web application directory /home/joakim/tomcat/webapps/host-manager has finished in 22 ms
11-Feb-2015 21:50:54.999 INFO [localhost-startStop-1] org.apache.catalina.startup.HostConfig.deployDirectory Deploying web application directory /home/joakim/tomcat/webapps/docs
11-Feb-2015 21:50:55.009 INFO [localhost-startStop-1] org.apache.catalina.startup.HostConfig.deployDirectory Deployment of web application directory /home/joakim/tomcat/webapps/docs has finished in 10 ms
11-Feb-2015 21:50:55.009 INFO [localhost-startStop-1] org.apache.catalina.startup.HostConfig.deployDirectory Deploying web application directory /home/joakim/tomcat/webapps/examples
11-Feb-2015 21:50:55.196 INFO [localhost-startStop-1] org.apache.catalina.startup.HostConfig.deployDirectory Deployment of web application directory /home/joakim/tomcat/webapps/examples has finished in 187 ms
11-Feb-2015 21:50:55.196 INFO [localhost-startStop-1] org.apache.catalina.startup.HostConfig.deployDirectory Deploying web application directory /home/joakim/tomcat/webapps/manager
11-Feb-2015 21:50:55.210 INFO [localhost-startStop-1] org.apache.catalina.startup.HostConfig.deployDirectory Deployment of web application directory /home/joakim/tomcat/webapps/manager has finished in 14 ms
11-Feb-2015 21:50:55.212 INFO [main] org.apache.coyote.AbstractProtocol.start Starting ProtocolHandler ["http-nio-8080"]
11-Feb-2015 21:50:55.217 INFO [main] org.apache.coyote.AbstractProtocol.start Starting ProtocolHandler ["ajp-nio-8009"]
11-Feb-2015 21:50:55.224 INFO [main] org.apache.catalina.startup.Catalina.start Server startup in 453 ms
11-Feb-2015 21:51:29.714 WARNING [main] org.apache.catalina.core.StandardServer.await StandardServer.await: Invalid command 'GET / HTTP/1.1' received
11-Feb-2015 21:51:29.715 WARNING [main] org.apache.catalina.core.StandardServer.await StandardServer.await: Invalid command 'GET / HTTP/1.1' received
11-Feb-2015 21:51:29.716 WARNING [main] org.apache.catalina.core.StandardServer.await StandardServer.await: Invalid command 'GET / HTTP/1.1' received
11-Feb-2015 22:01:08.679 INFO [main] org.apache.catalina.core.StandardServer.await A valid shutdown command was received via the shutdown port. Stopping the Server instance.
11-Feb-2015 22:01:08.680 INFO [main] org.apache.coyote.AbstractProtocol.pause Pausing ProtocolHandler ["http-nio-8080"]
11-Feb-2015 22:01:08.731 INFO [main] org.apache.coyote.AbstractProtocol.pause Pausing ProtocolHandler ["ajp-nio-8009"]
11-Feb-2015 22:01:08.782 INFO [main] org.apache.catalina.core.StandardService.stopInternal Stopping service Catalina
11-Feb-2015 22:01:08.806 INFO [main] org.apache.coyote.AbstractProtocol.stop Stopping ProtocolHandler ["http-nio-8080"]
11-Feb-2015 22:01:08.807 INFO [main] org.apache.coyote.AbstractProtocol.stop Stopping ProtocolHandler ["ajp-nio-8009"]
11-Feb-2015 22:01:08.808 INFO [main] org.apache.coyote.AbstractProtocol.destroy Destroying ProtocolHandler ["http-nio-8080"]
11-Feb-2015 22:01:08.808 INFO [main] org.apache.coyote.AbstractProtocol.destroy Destroying ProtocolHandler ["ajp-nio-8009"]
11-Feb-2015 22:04:37.563 INFO [main] org.apache.catalina.startup.VersionLoggerListener.log Server version:        Apache Tomcat/8.0.18
11-Feb-2015 22:04:37.564 INFO [main] org.apache.catalina.startup.VersionLoggerListener.log Server built:          Jan 23 2015 11:56:07 UTC
11-Feb-2015 22:04:37.564 INFO [main] org.apache.catalina.startup.VersionLoggerListener.log Server number:         8.0.18.0
11-Feb-2015 22:04:37.564 INFO [main] org.apache.catalina.startup.VersionLoggerListener.log OS Name:               Linux
11-Feb-2015 22:04:37.564 INFO [main] org.apache.catalina.startup.VersionLoggerListener.log OS Version:            3.13.0-37-generic
11-Feb-2015 22:04:37.565 INFO [main] org.apache.catalina.startup.VersionLoggerListener.log Architecture:          amd64
11-Feb-2015 22:04:37.565 INFO [main] org.apache.catalina.startup.VersionLoggerListener.log Java Home:             /usr/lib/jvm/java-8-oracle/jre
11-Feb-2015 22:04:37.565 INFO [main] org.apache.catalina.startup.VersionLoggerListener.log JVM Version:           1.8.0_31-b13
11-Feb-2015 22:04:37.565 INFO [main] org.apache.catalina.startup.VersionLoggerListener.log JVM Vendor:            Oracle Corporation
11-Feb-2015 22:04:37.565 INFO [main] org.apache.catalina.startup.VersionLoggerListener.log CATALINA_BASE:         /home/joakim/tomcat
11-Feb-2015 22:04:37.565 INFO [main] org.apache.catalina.startup.VersionLoggerListener.log CATALINA_HOME:         /home/joakim/tomcat
11-Feb-2015 22:04:37.565 INFO [main] org.apache.catalina.startup.VersionLoggerListener.log Command line argument: -Djava.util.logging.config.file=/home/joakim/tomcat/conf/logging.properties
11-Feb-2015 22:04:37.565 INFO [main] org.apache.catalina.startup.VersionLoggerListener.log Command line argument: -Djava.util.logging.manager=org.apache.juli.ClassLoaderLogManager
11-Feb-2015 22:04:37.565 INFO [main] org.apache.catalina.startup.VersionLoggerListener.log Command line argument: -Djava.endorsed.dirs=/home/joakim/tomcat/endorsed
11-Feb-2015 22:04:37.565 INFO [main] org.apache.catalina.startup.VersionLoggerListener.log Command line argument: -Dcatalina.base=/home/joakim/tomcat
11-Feb-2015 22:04:37.565 INFO [main] org.apache.catalina.startup.VersionLoggerListener.log Command line argument: -Dcatalina.home=/home/joakim/tomcat
11-Feb-2015 22:04:37.566 INFO [main] org.apache.catalina.startup.VersionLoggerListener.log Command line argument: -Djava.io.tmpdir=/home/joakim/tomcat/temp
11-Feb-2015 22:04:37.566 INFO [main] org.apache.catalina.core.AprLifecycleListener.lifecycleEvent The APR based Apache Tomcat Native library which allows optimal performance in production environments was not found on the java.library.path: /usr/java/packages/lib/amd64:/usr/lib64:/lib64:/lib:/usr/lib
11-Feb-2015 22:04:37.650 INFO [main] org.apache.coyote.AbstractProtocol.init Initializing ProtocolHandler ["http-nio-8080"]
11-Feb-2015 22:04:37.661 INFO [main] org.apache.tomcat.util.net.NioSelectorPool.getSharedSelector Using a shared selector for servlet write/read
11-Feb-2015 22:04:37.663 INFO [main] org.apache.coyote.AbstractProtocol.init Initializing ProtocolHandler ["ajp-nio-8009"]
11-Feb-2015 22:04:37.664 INFO [main] org.apache.tomcat.util.net.NioSelectorPool.getSharedSelector Using a shared selector for servlet write/read
11-Feb-2015 22:04:37.665 INFO [main] org.apache.catalina.startup.Catalina.load Initialization processed in 347 ms
11-Feb-2015 22:04:37.681 INFO [main] org.apache.catalina.core.StandardService.startInternal Starting service Catalina
11-Feb-2015 22:04:37.681 INFO [main] org.apache.catalina.core.StandardEngine.startInternal Starting Servlet Engine: Apache Tomcat/8.0.18
11-Feb-2015 22:04:37.687 INFO [localhost-startStop-1] org.apache.catalina.startup.HostConfig.deployDirectory Deploying web application directory /home/joakim/tomcat/webapps/ROOT
11-Feb-2015 22:04:37.861 INFO [localhost-startStop-1] org.apache.catalina.startup.HostConfig.deployDirectory Deployment of web application directory /home/joakim/tomcat/webapps/ROOT has finished in 175 ms
11-Feb-2015 22:04:37.862 INFO [localhost-startStop-1] org.apache.catalina.startup.HostConfig.deployDirectory Deploying web application directory /home/joakim/tomcat/webapps/host-manager
11-Feb-2015 22:04:37.887 INFO [localhost-startStop-1] org.apache.catalina.startup.HostConfig.deployDirectory Deployment of web application directory /home/joakim/tomcat/webapps/host-manager has finished in 25 ms
11-Feb-2015 22:04:37.887 INFO [localhost-startStop-1] org.apache.catalina.startup.HostConfig.deployDirectory Deploying web application directory /home/joakim/tomcat/webapps/docs
11-Feb-2015 22:04:37.898 INFO [localhost-startStop-1] org.apache.catalina.startup.HostConfig.deployDirectory Deployment of web application directory /home/joakim/tomcat/webapps/docs has finished in 11 ms
11-Feb-2015 22:04:37.898 INFO [localhost-startStop-1] org.apache.catalina.startup.HostConfig.deployDirectory Deploying web application directory /home/joakim/tomcat/webapps/examples
11-Feb-2015 22:04:38.097 INFO [localhost-startStop-1] org.apache.catalina.startup.HostConfig.deployDirectory Deployment of web application directory /home/joakim/tomcat/webapps/examples has finished in 199 ms
11-Feb-2015 22:04:38.098 INFO [localhost-startStop-1] org.apache.catalina.startup.HostConfig.deployDirectory Deploying web application directory /home/joakim/tomcat/webapps/manager
11-Feb-2015 22:04:38.112 INFO [localhost-startStop-1] org.apache.catalina.startup.HostConfig.deployDirectory Deployment of web application directory /home/joakim/tomcat/webapps/manager has finished in 13 ms
11-Feb-2015 22:04:38.113 INFO [main] org.apache.coyote.AbstractProtocol.start Starting ProtocolHandler ["http-nio-8080"]
11-Feb-2015 22:04:38.119 INFO [main] org.apache.coyote.AbstractProtocol.start Starting ProtocolHandler ["ajp-nio-8009"]
11-Feb-2015 22:04:38.119 INFO [main] org.apache.catalina.startup.Catalina.start Server startup in 454 ms
11-Feb-2015 22:04:59.724 INFO [main] org.apache.catalina.core.StandardServer.await A valid shutdown command was received via the shutdown port. Stopping the Server instance.
11-Feb-2015 22:04:59.724 INFO [main] org.apache.coyote.AbstractProtocol.pause Pausing ProtocolHandler ["http-nio-8080"]
11-Feb-2015 22:04:59.776 INFO [main] org.apache.coyote.AbstractProtocol.pause Pausing ProtocolHandler ["ajp-nio-8009"]
11-Feb-2015 22:04:59.827 INFO [main] org.apache.catalina.core.StandardService.stopInternal Stopping service Catalina
11-Feb-2015 22:04:59.851 INFO [main] org.apache.coyote.AbstractProtocol.stop Stopping ProtocolHandler ["http-nio-8080"]
11-Feb-2015 22:04:59.852 INFO [main] org.apache.coyote.AbstractProtocol.stop Stopping ProtocolHandler ["ajp-nio-8009"]
11-Feb-2015 22:04:59.853 INFO [main] org.apache.coyote.AbstractProtocol.destroy Destroying ProtocolHandler ["http-nio-8080"]
11-Feb-2015 22:04:59.853 INFO [main] org.apache.coyote.AbstractProtocol.destroy Destroying ProtocolHandler ["ajp-nio-8009"]
